<component name="libraryTable">
  <library name="junit-quickcheck-core-1.0">
    <CLASSES>
      <root url="jar://$PROJECT_DIR$/lib/junit-quickcheck-core-1.0.jar!/" />
      <root url="jar://$PROJECT_DIR$/lib/junit-quickcheck-generators-1.0.jar!/" />
      <root url="jar://$PROJECT_DIR$/lib/junit-quickcheck-guava-1.0.jar!/" />
    </CLASSES>
    <JAVADOC />
    <SOURCES>
      <root url="jar://$USER_HOME$/.ideaLibSources/junit-quickcheck-core-1.0-sources.jar!/" />
    </SOURCES>
  </library>
</component>